Jan-29 22:41:45.934 [main] DEBUG nextflow.cli.Launcher - $> nextflow run ./ --help
Jan-29 22:41:46.006 [main] INFO  nextflow.cli.CmdRun - N E X T F L O W  ~  version 23.10.1
Jan-29 22:41:46.021 [main] DEBUG nextflow.plugin.PluginsFacade - Setting up plugin manager > mode=prod; embedded=false; plugins-dir=/project/zhuzhuzhang/lyang/nextflow/plugins; core-plugins: nf-amazon@2.1.4,nf-azure@1.3.3,nf-cloudcache@0.3.0,nf-codecommit@0.1.5,nf-console@1.0.6,nf-ga4gh@1.1.0,nf-google@1.8.3,nf-tower@1.6.3,nf-wave@1.0.1
Jan-29 22:41:46.029 [main] INFO  o.pf4j.DefaultPluginStatusProvider - Enabled plugins: []
Jan-29 22:41:46.030 [main] INFO  o.pf4j.DefaultPluginStatusProvider - Disabled plugins: []
Jan-29 22:41:46.032 [main] INFO  org.pf4j.DefaultPluginManager - PF4J version 3.4.1 in 'deployment' mode
Jan-29 22:41:46.039 [main] INFO  org.pf4j.AbstractPluginManager - No plugins
Jan-29 22:41:46.491 [main] DEBUG nextflow.config.ConfigBuilder - Found config local: /project/gzy8899/lyang/TrimAndMapping/nextflow.config
Jan-29 22:41:46.492 [main] DEBUG nextflow.config.ConfigBuilder - Parsing config file: /project/gzy8899/lyang/TrimAndMapping/nextflow.config
Jan-29 22:41:46.505 [main] DEBUG nextflow.config.ConfigBuilder - Applying config profile: `standard`
Jan-29 22:41:46.553 [main] DEBUG nextflow.cli.CmdRun - Applied DSL=2 from script declararion
Jan-29 22:41:46.567 [main] INFO  nextflow.cli.CmdRun - Launching `./main.nf` [voluminous_meucci] DSL2 - revision: de186b48e8
Jan-29 22:41:46.568 [main] DEBUG nextflow.plugin.PluginsFacade - Plugins default=[]
Jan-29 22:41:46.568 [main] DEBUG nextflow.plugin.PluginsFacade - Plugins resolved requirement=[]
Jan-29 22:41:46.575 [main] DEBUG n.secret.LocalSecretsProvider - Secrets store: /project/zhuzhuzhang/lyang/nextflow/secrets/store.json
Jan-29 22:41:46.577 [main] DEBUG nextflow.secret.SecretsLoader - Discovered secrets providers: [nextflow.secret.LocalSecretsProvider@2e1ddc90] - activable => nextflow.secret.LocalSecretsProvider@2e1ddc90
Jan-29 22:41:46.614 [main] DEBUG nextflow.Session - Session UUID: 5d162f42-4ade-44bb-889b-54f7b79c9756
Jan-29 22:41:46.614 [main] DEBUG nextflow.Session - Run name: voluminous_meucci
Jan-29 22:41:46.615 [main] DEBUG nextflow.Session - Executor pool size: 64
Jan-29 22:41:46.621 [main] DEBUG nextflow.file.FilePorter - File porter settings maxRetries=3; maxTransfers=50; pollTimeout=null
Jan-29 22:41:46.624 [main] DEBUG nextflow.util.ThreadPoolBuilder - Creating thread pool 'FileTransfer' minSize=10; maxSize=192; workQueue=LinkedBlockingQueue[10000]; allowCoreThreadTimeout=false
Jan-29 22:41:46.648 [main] DEBUG nextflow.cli.CmdRun - 
  Version: 23.10.1 build 5891
  Created: 12-01-2024 22:01 UTC (16:01 CDT)
  System: Linux 4.18.0-305.57.1.el8_4.x86_64
  Runtime: Groovy 3.0.19 on OpenJDK 64-Bit Server VM 20.0.2-internal-adhoc..src
  Encoding: UTF-8 (UTF-8)
  Process: 1037911@midway3-login3.rcc.local [10.50.248.65]
  CPUs: 64 - Mem: 251.1 GB (15.6 GB) - Swap: 4 GB (0)
Jan-29 22:41:46.671 [main] DEBUG nextflow.Session - Work-dir: /project/zhuzhuzhang/lyang/nextflow [gpfs]
Jan-29 22:41:46.671 [main] DEBUG nextflow.Session - Script base path does not exist or is not a directory: /project/gzy8899/lyang/TrimAndMapping/bin
Jan-29 22:41:46.680 [main] DEBUG nextflow.executor.ExecutorFactory - Extension executors providers=[]
Jan-29 22:41:46.688 [main] DEBUG nextflow.Session - Observer factory: DefaultObserverFactory
Jan-29 22:41:46.702 [main] DEBUG nextflow.cache.CacheFactory - Using Nextflow cache factory: nextflow.cache.DefaultCacheFactory
Jan-29 22:41:46.709 [main] DEBUG nextflow.util.CustomThreadPool - Creating default thread pool > poolSize: 65; maxThreads: 1000
Jan-29 22:41:46.766 [main] DEBUG nextflow.Session - Session start
Jan-29 22:41:47.213 [main] DEBUG nextflow.script.ScriptRunner - > Launching execution
Jan-29 22:41:47.225 [main] INFO  nextflow.Nextflow - 
Jan-29 22:41:47.226 [main] INFO  nextflow.Nextflow - Pipeline to preprocess the genomic DNA library and QC
Jan-29 22:41:47.227 [main] INFO  nextflow.Nextflow - --------------------------------
Jan-29 22:41:47.227 [main] INFO  nextflow.Nextflow - 
Jan-29 22:41:47.227 [main] INFO  nextflow.Nextflow - Usage: 
Jan-29 22:41:47.227 [main] INFO  nextflow.Nextflow -     nextflow Preprocess.nf --sample_sheet sample_sheet --bowtie_idx bowtie_idx  --output_dir results --data_dir raw_data
Jan-29 22:41:47.227 [main] INFO  nextflow.Nextflow - 
Jan-29 22:41:47.227 [main] INFO  nextflow.Nextflow - Options:
Jan-29 22:41:47.227 [main] INFO  nextflow.Nextflow - 	--help	Show this message and exit.
Jan-29 22:41:47.228 [main] INFO  nextflow.Nextflow - 	--sample_sheet sample_sheet    A tab-delimited file storing the samples information, with three columns: sample_id, fq1, fq2.
Jan-29 22:41:47.228 [main] INFO  nextflow.Nextflow - 	--prime5_trim_len    Trim the first ? number of bases in 5-end of each read.
Jan-29 22:41:47.228 [main] INFO  nextflow.Nextflow - 	--prime3_trim_len    Trim the first ? number of bases in 3-end of each read.
Jan-29 22:41:47.228 [main] INFO  nextflow.Nextflow -   --output_dir OUTDIR   Name for directory for saving the results. Default: results/
Jan-29 22:41:47.228 [main] INFO  nextflow.Nextflow -   --bowtie_idx bowtie_idx    bowtie index prefix for analysis.
Jan-29 22:41:47.228 [main] INFO  nextflow.Nextflow -   --data_dir raw_data    The folder where the raw .fq files are.
Jan-29 22:41:47.228 [main] INFO  nextflow.Nextflow -   --remove_rRNA False  Whether to remove rRNAs from the library. If Ture, provide rRNA sequences.
Jan-29 22:41:47.228 [main] INFO  nextflow.Nextflow -   --rRNA_fa rRNA sequences.
